<?xml version="1.0" encoding="UTF-8"?>
<!-- Generated by org.testng.reporters.JUnitReportReporter -->
<testsuite hostname="master" failures="0" tests="1" name="com.util.SeleniumHelper" time="0.443" errors="0" timestamp="2021-09-06T22:06:14 EDT" skipped="0">
  <testcase classname="com.util.SeleniumHelper" name="readXl" time="0.443"/>
  <system-out/>
</testsuite> <!-- com.util.SeleniumHelper -->
