<?xml version="1.0" encoding="UTF-8"?>
<!-- Generated by org.testng.reporters.JUnitReportReporter -->
<testsuite hostname="Hamims-MBP" failures="0" tests="1" name="com.test.LoginTest" time="12.176" errors="0" timestamp="2021-09-01T21:17:07 EDT" skipped="0">
  <testcase classname="com.test.LoginTest" name="loginTest" time="12.176"/>
  <system-out/>
</testsuite> <!-- com.test.LoginTest -->
