<?xml version="1.0" encoding="UTF-8"?>
<!-- Generated by org.testng.reporters.JUnitReportReporter -->
<testsuite hostname="master" failures="0" tests="1" name="demo.test.BaseTest" time="0.484" errors="0" timestamp="2021-09-09T00:55:06 EDT" skipped="0">
  <testcase classname="demo.test.BaseTest" name="readXl" time="0.484"/>
  <system-out/>
</testsuite> <!-- demo.test.BaseTest -->
